2019-04-19 21:07:48,560 INFO Binary found at `/home/jacobsin/.local/bin/pyre.bin`
2019-04-19 21:07:48,560 DEBUG Trying with: `/home/jacobsin/.local/lib/python3.6/site-packages/pyre_check/pyre_check/typeshed/`
2019-04-19 21:07:48,560 DEBUG Trying with: `/home/jacobsin/.local/lib/python3.6/site-packages/pyre_check/typeshed/`
2019-04-19 21:07:48,560 DEBUG Trying with: `/home/jacobsin/.local/lib/python3.6/pyre_check/typeshed/`
2019-04-19 21:07:48,560 DEBUG Trying with: `/home/jacobsin/.local/lib/pyre_check/typeshed/`
2019-04-19 21:07:48,560 PROMPT Which directory should pyre be initialized in? (Default: `.`): 
2019-04-19 21:07:50,892 INFO Successfully initialized pyre! You can view the configuration at `/home/jacobsin/Development/python/rifflib/.pyre_configuration`.
2019-04-19 21:07:54,802 DEBUG Reading configuration `.pyre_configuration`...
2019-04-19 21:07:54,802 DEBUG Found source_directories: `.`
2019-04-19 21:07:54,802 DEBUG Running `/home/jacobsin/.local/bin/pyre.bin check -logging-sections parser -project-root /home/jacobsin/Development/python/rifflib -filter-directories /home/jacobsin/Development/python/rifflib -workers 8 -typeshed /home/jacobsin/.local/lib/pyre_check/typeshed/ .`
2019-04-19 21:07:54,833 INFO Finding type stubs in `/home/jacobsin/Development/python/rifflib`...
2019-04-19 21:07:54,838 INFO Finding type stubs in `/home/jacobsin/.local/lib/pyre_check/typeshed/stdlib`...
2019-04-19 21:07:54,848 INFO Finding type stubs in `/home/jacobsin/.local/lib/pyre_check/typeshed/third_party`...
2019-04-19 21:07:54,949 INFO Parsing 793 stubs and external sources...
2019-04-19 21:07:55,238 PERFORMANCE Stubs parsed: 0.374000s
2019-04-19 21:07:55,281 INFO Parsing 7 sources in `/home/jacobsin/Development/python/rifflib`...
2019-04-19 21:07:55,286 ERROR Could not parse file at riff/contract.py:13:0-13:0

  ^

2019-04-19 21:07:55,287 WARNING Could not parse 1 file due to syntax errors!

2019-04-19 21:07:55,315 PERFORMANCE Sources parsed: 0.048000s
2019-04-19 21:07:55,316 PERFORMANCE Registered ignores: 0.028000s
2019-04-19 21:07:55,316 INFO Adding environment information to shared memory...
2019-04-19 21:07:55,316 PERFORMANCE Added environment to shared memory: 0.000000s
2019-04-19 21:07:55,416 INFO Building type environment...
2019-04-19 21:07:56,848 PERFORMANCE Full environment built: 1.532000s
2019-04-19 21:07:56,949 INFO Inferring protocol implementations...
2019-04-19 21:07:57,286 PERFORMANCE Inferred protocol implementations: 0.436000s
2019-04-19 21:07:57,327 MEMORY Shared memory size (size: 12)
2019-04-19 21:07:57,327 PERFORMANCE Filtered directories: 0.041000s
2019-04-19 21:07:57,327 INFO Checking 6 sources...
2019-04-19 21:07:57,347 INFO Running check `TypeCheck`...
2019-04-19 21:07:57,350 INFO Processed 1 of 6 sources
2019-04-19 21:07:57,351 INFO Processed 2 of 6 sources
2019-04-19 21:07:57,357 INFO Processed 3 of 6 sources
2019-04-19 21:07:57,359 INFO Processed 4 of 6 sources
2019-04-19 21:07:57,371 INFO Processed 5 of 6 sources
2019-04-19 21:07:57,371 INFO Processed 6 of 6 sources
2019-04-19 21:07:57,372 PERFORMANCE Check_TypeCheck: 0.044000s
2019-04-19 21:07:57,408 PERFORMANCE Analyzed sources: 0.044000s
2019-04-19 21:07:57,424 PERFORMANCE Postprocessed: 0.036000s
2019-04-19 21:07:57,436 PERFORMANCE Check: 2.600000s
2019-04-19 21:07:57,437 ERROR Found 1 type error!

2019-04-19 21:09:06,636 DEBUG Reading configuration `.pyre_configuration`...
2019-04-19 21:09:06,637 DEBUG Found source_directories: `.`
2019-04-19 21:09:06,637 DEBUG Running `/home/jacobsin/.local/bin/pyre.bin check -logging-sections parser -project-root /home/jacobsin/Development/python/rifflib -filter-directories /home/jacobsin/Development/python/rifflib -workers 8 -typeshed /home/jacobsin/.local/lib/pyre_check/typeshed/ .`
2019-04-19 21:09:06,668 INFO Finding type stubs in `/home/jacobsin/Development/python/rifflib`...
2019-04-19 21:09:06,672 INFO Finding type stubs in `/home/jacobsin/.local/lib/pyre_check/typeshed/stdlib`...
2019-04-19 21:09:06,682 INFO Finding type stubs in `/home/jacobsin/.local/lib/pyre_check/typeshed/third_party`...
2019-04-19 21:09:06,782 INFO Parsing 793 stubs and external sources...
2019-04-19 21:09:07,059 PERFORMANCE Stubs parsed: 0.358000s
2019-04-19 21:09:07,099 INFO Parsing 7 sources in `/home/jacobsin/Development/python/rifflib`...
2019-04-19 21:09:07,129 PERFORMANCE Sources parsed: 0.040000s
2019-04-19 21:09:07,129 PERFORMANCE Registered ignores: 0.029000s
2019-04-19 21:09:07,129 INFO Adding environment information to shared memory...
2019-04-19 21:09:07,130 PERFORMANCE Added environment to shared memory: 0.000000s
2019-04-19 21:09:07,230 INFO Building type environment...
2019-04-19 21:09:08,674 PERFORMANCE Full environment built: 1.542000s
2019-04-19 21:09:08,774 INFO Inferring protocol implementations...
2019-04-19 21:09:09,093 PERFORMANCE Inferred protocol implementations: 0.419000s
2019-04-19 21:09:09,132 MEMORY Shared memory size (size: 12)
2019-04-19 21:09:09,133 PERFORMANCE Filtered directories: 0.039000s
2019-04-19 21:09:09,133 INFO Checking 7 sources...
2019-04-19 21:09:09,153 INFO Running check `TypeCheck`...
2019-04-19 21:09:09,154 INFO Processed 1 of 7 sources
2019-04-19 21:09:09,155 INFO Processed 2 of 7 sources
2019-04-19 21:09:09,160 INFO Processed 3 of 7 sources
2019-04-19 21:09:09,166 INFO Processed 4 of 7 sources
2019-04-19 21:09:09,172 INFO Processed 5 of 7 sources
2019-04-19 21:09:09,180 INFO Processed 6 of 7 sources
2019-04-19 21:09:09,181 INFO Processed 7 of 7 sources
2019-04-19 21:09:09,181 PERFORMANCE Check_TypeCheck: 0.047000s
2019-04-19 21:09:09,217 PERFORMANCE Analyzed sources: 0.047000s
2019-04-19 21:09:09,233 PERFORMANCE Postprocessed: 0.037000s
2019-04-19 21:09:09,245 PERFORMANCE Check: 2.572000s
2019-04-19 21:09:09,246 ERROR Found 5 type errors!

2019-04-19 21:09:37,508 DEBUG Reading configuration `.pyre_configuration`...
2019-04-19 21:09:37,508 DEBUG Found source_directories: `.`
2019-04-19 21:09:37,508 DEBUG Running `/home/jacobsin/.local/bin/pyre.bin check -logging-sections parser -project-root /home/jacobsin/Development/python/rifflib -filter-directories /home/jacobsin/Development/python/rifflib -workers 8 -typeshed /home/jacobsin/.local/lib/pyre_check/typeshed/ .`
2019-04-19 21:09:37,540 INFO Finding type stubs in `/home/jacobsin/Development/python/rifflib`...
2019-04-19 21:09:37,545 INFO Finding type stubs in `/home/jacobsin/.local/lib/pyre_check/typeshed/stdlib`...
2019-04-19 21:09:37,555 INFO Finding type stubs in `/home/jacobsin/.local/lib/pyre_check/typeshed/third_party`...
2019-04-19 21:09:37,656 INFO Parsing 793 stubs and external sources...
2019-04-19 21:09:37,938 PERFORMANCE Stubs parsed: 0.365000s
2019-04-19 21:09:37,979 INFO Parsing 7 sources in `/home/jacobsin/Development/python/rifflib`...
2019-04-19 21:09:38,010 PERFORMANCE Sources parsed: 0.040000s
2019-04-19 21:09:38,011 PERFORMANCE Registered ignores: 0.031000s
2019-04-19 21:09:38,012 INFO Adding environment information to shared memory...
2019-04-19 21:09:38,012 PERFORMANCE Added environment to shared memory: 0.001000s
2019-04-19 21:09:38,112 INFO Building type environment...
2019-04-19 21:09:39,547 PERFORMANCE Full environment built: 1.534000s
2019-04-19 21:09:39,648 INFO Inferring protocol implementations...
2019-04-19 21:09:39,979 PERFORMANCE Inferred protocol implementations: 0.431000s
2019-04-19 21:09:40,016 MEMORY Shared memory size (size: 12)
2019-04-19 21:09:40,017 PERFORMANCE Filtered directories: 0.038000s
2019-04-19 21:09:40,017 INFO Checking 7 sources...
2019-04-19 21:09:40,036 INFO Running check `TypeCheck`...
2019-04-19 21:09:40,036 INFO Processed 1 of 7 sources
2019-04-19 21:09:40,038 INFO Processed 2 of 7 sources
2019-04-19 21:09:40,040 INFO Processed 3 of 7 sources
2019-04-19 21:09:40,043 INFO Processed 4 of 7 sources
2019-04-19 21:09:40,048 INFO Processed 5 of 7 sources
2019-04-19 21:09:40,051 INFO Processed 6 of 7 sources
2019-04-19 21:09:40,052 INFO Processed 7 of 7 sources
2019-04-19 21:09:40,052 PERFORMANCE Check_TypeCheck: 0.034000s
2019-04-19 21:09:40,077 PERFORMANCE Analyzed sources: 0.034000s
2019-04-19 21:09:40,093 PERFORMANCE Postprocessed: 0.025000s
2019-04-19 21:09:40,105 PERFORMANCE Check: 2.562000s
2019-04-19 21:09:40,106 ERROR Found 1 type error!

